2026-01-22 13:24:00
[
  {
    "id": 1374039,
    "match_name": "null",
    "match_date": "2026-01-22T00:00:00.000Z",
    "match_time": "13:23:31",
    "isHomePage": 0,
    "match_title": "Coin Flip",
    "match_sub_title": "Coin Flip",
    "match_address": "",
    "win_ratio": "90",
    "status": 1,
    "isLive": 1,
    "cancel": 1,
    "result": "Automatic",
    "final_result": "",
    "repeat": 1,
    "userBy": 24,
    "modified": "2026-01-22T06:42:00.000Z",
    "archive": "0",
    "created": "2026-01-22T13:23:01.000Z",
    "copyof": 1373954,
    "winner_generated": 0
  }
]
-------------------------
2026-01-22 13:24:30
[]
-------------------------
2026-01-22 13:25:00
[
  {
    "id": 1374040,
    "match_name": "null",
    "match_date": "2026-01-22T00:00:00.000Z",
    "match_time": "13:24:31",
    "isHomePage": 0,
    "match_title": "Coin Flip",
    "match_sub_title": "Coin Flip",
    "match_address": "",
    "win_ratio": "90",
    "status": 1,
    "isLive": 1,
    "cancel": 1,
    "result": "Automatic",
    "final_result": "",
    "repeat": 1,
    "userBy": 24,
    "modified": "2026-01-22T06:42:00.000Z",
    "archive": "0",
    "created": "2026-01-22T13:24:01.000Z",
    "copyof": 1373954,
    "winner_generated": 0
  }
]
-------------------------
2026-01-22 13:25:30
[
  {
    "id": 1374041,
    "match_name": "null",
    "match_date": "2026-01-22T00:00:00.000Z",
    "match_time": "13:25:30",
    "isHomePage": 0,
    "match_title": "Coin Flip",
    "match_sub_title": "Coin Flip",
    "match_address": "",
    "win_ratio": "90",
    "status": 1,
    "isLive": 1,
    "cancel": 1,
    "result": "Automatic",
    "final_result": "",
    "repeat": 1,
    "userBy": 24,
    "modified": "2026-01-22T06:42:00.000Z",
    "archive": "0",
    "created": "2026-01-22T13:25:00.000Z",
    "copyof": 1373954,
    "winner_generated": 0
  }
]
-------------------------
2026-01-22 13:26:00
[]
-------------------------
2026-01-22 13:26:30
[
  {
    "id": 1374042,
    "match_name": "null",
    "match_date": "2026-01-22T00:00:00.000Z",
    "match_time": "13:26:01",
    "isHomePage": 0,
    "match_title": "Coin Flip",
    "match_sub_title": "Coin Flip",
    "match_address": "",
    "win_ratio": "90",
    "status": 1,
    "isLive": 1,
    "cancel": 1,
    "result": "Automatic",
    "final_result": "",
    "repeat": 1,
    "userBy": 24,
    "modified": "2026-01-22T06:42:00.000Z",
    "archive": "0",
    "created": "2026-01-22T13:25:31.000Z",
    "copyof": 1373954,
    "winner_generated": 0
  }
]
-------------------------
2026-01-22 13:27:00
[
  {
    "id": 1374043,
    "match_name": "null",
    "match_date": "2026-01-22T00:00:00.000Z",
    "match_time": "13:27:00",
    "isHomePage": 0,
    "match_title": "Coin Flip",
    "match_sub_title": "Coin Flip",
    "match_address": "",
    "win_ratio": "90",
    "status": 1,
    "isLive": 1,
    "cancel": 1,
    "result": "Automatic",
    "final_result": "",
    "repeat": 1,
    "userBy": 24,
    "modified": "2026-01-22T06:42:00.000Z",
    "archive": "0",
    "created": "2026-01-22T13:26:30.000Z",
    "copyof": 1373954,
    "winner_generated": 0
  }
]
-------------------------
2026-01-22 13:27:30
[]
-------------------------
2026-01-22 13:28:00
[
  {
    "id": 1374044,
    "match_name": "null",
    "match_date": "2026-01-22T00:00:00.000Z",
    "match_time": "13:27:32",
    "isHomePage": 0,
    "match_title": "Coin Flip",
    "match_sub_title": "Coin Flip",
    "match_address": "",
    "win_ratio": "90",
    "status": 1,
    "isLive": 1,
    "cancel": 1,
    "result": "Automatic",
    "final_result": "",
    "repeat": 1,
    "userBy": 24,
    "modified": "2026-01-22T06:42:00.000Z",
    "archive": "0",
    "created": "2026-01-22T13:27:02.000Z",
    "copyof": 1373954,
    "winner_generated": 0
  }
]
-------------------------
2026-01-22 13:28:30
[]
-------------------------
